<?xml version="1.0" encoding="UTF-8"?>
<!-- Generated by org.testng.reporters.JUnitReportReporter -->
<testsuite hostname="DESKTOP-F30OP50" failures="0" tests="11" name="com.jktech.tests.runners.TestRunner" time="6.295" errors="0" timestamp="2025-07-03T23:35:48 GMT+04:00" skipped="0">
  <testcase classname="com.jktech.tests.runners.TestRunner" name="runScenario" time="0.355"/>
  <testcase classname="com.jktech.tests.runners.TestRunner" name="runScenario" time="0.371"/>
  <testcase classname="com.jktech.tests.runners.TestRunner" name="runScenario" time="0.335"/>
  <testcase classname="com.jktech.tests.runners.TestRunner" name="runScenario" time="0.379"/>
  <testcase classname="com.jktech.tests.runners.TestRunner" name="runScenario" time="0.466"/>
  <testcase classname="com.jktech.tests.runners.TestRunner" name="runScenario" time="2.368"/>
  <testcase classname="com.jktech.tests.runners.TestRunner" name="runScenario" time="0.345"/>
  <testcase classname="com.jktech.tests.runners.TestRunner" name="runScenario" time="0.354"/>
  <testcase classname="com.jktech.tests.runners.TestRunner" name="runScenario" time="0.585"/>
  <testcase classname="com.jktech.tests.runners.TestRunner" name="runScenario" time="0.364"/>
  <testcase classname="com.jktech.tests.runners.TestRunner" name="runScenario" time="0.373"/>
</testsuite> <!-- com.jktech.tests.runners.TestRunner -->
